<?xml version="1.0" encoding="UTF-8"?>
<!-- Generated by org.testng.reporters.JUnitReportReporter -->
<testsuite hostname="Sadesh-Maheeshakya" failures="0" tests="1" name="FirstTest" time="12.088" errors="0" timestamp="2024-01-05T22:17:39 IST" skipped="0">
  <testcase classname="FirstTest" name="testUser" time="12.088"/>
</testsuite> <!-- FirstTest -->
